<?xml version="1.0" encoding="UTF-8"?>
<testng-results ignored="8" total="10" passed="2" failed="0" skipped="0">
  <reporter-output>
  </reporter-output>
  <suite started-at="2023-05-25T18:13:16 IST" name="Default suite" finished-at="2023-05-25T18:13:46 IST" duration-ms="29836">
    <groups>
    </groups>
    <test started-at="2023-05-25T18:13:16 IST" name="Default test" finished-at="2023-05-25T18:13:46 IST" duration-ms="29836">
      <class name="in.amazon.pageEvents.HomePageEvents">
        <test-method is-config="true" signature="beforeTestMethod()[pri:0, instance:in.amazon.pageEvents.HomePageEvents@6b0d80ed]" started-at="2023-05-25T18:13:16 IST" name="beforeTestMethod" finished-at="2023-05-25T18:13:16 IST" duration-ms="13" status="PASS">
          <reporter-output>
          </reporter-output>
        </test-method> <!-- beforeTestMethod -->
        <test-method is-config="true" signature="afterTest()[pri:0, instance:in.amazon.pageEvents.HomePageEvents@6b0d80ed]" started-at="2023-05-25T18:13:46 IST" name="afterTest" finished-at="2023-05-25T18:13:46 IST" duration-ms="0" status="PASS">
          <reporter-output>
          </reporter-output>
        </test-method> <!-- afterTest -->
      </class> <!-- in.amazon.pageEvents.HomePageEvents -->
      <class name="in.amazon.tests.AmazonTests">
        <test-method is-config="true" signature="beforeMethodMethod()[pri:0, instance:in.amazon.tests.AmazonTests@93081b6]" started-at="2023-05-25T18:13:16 IST" name="beforeMethodMethod" finished-at="2023-05-25T18:13:21 IST" duration-ms="4561" status="PASS">
          <reporter-output>
          </reporter-output>
        </test-method> <!-- beforeMethodMethod -->
        <test-method signature="cartTest(java.lang.String)[pri:0, instance:in.amazon.tests.AmazonTests@93081b6]" started-at="2023-05-25T18:13:21 IST" name="cartTest" data-provider="cartTestData" finished-at="2023-05-25T18:13:33 IST" duration-ms="12209" status="PASS">
          <params>
            <param index="0">
              <value>
                <![CDATA[dove soap]]>
              </value>
            </param>
          </params>
          <reporter-output>
          </reporter-output>
        </test-method> <!-- cartTest -->
        <test-method is-config="true" signature="afterMethod()[pri:0, instance:in.amazon.tests.AmazonTests@93081b6]" started-at="2023-05-25T18:13:33 IST" name="afterMethod" finished-at="2023-05-25T18:13:34 IST" duration-ms="713" status="PASS">
          <reporter-output>
          </reporter-output>
        </test-method> <!-- afterMethod -->
        <test-method is-config="true" signature="beforeMethodMethod()[pri:0, instance:in.amazon.tests.AmazonTests@93081b6]" started-at="2023-05-25T18:13:34 IST" name="beforeMethodMethod" finished-at="2023-05-25T18:13:38 IST" duration-ms="3570" status="PASS">
          <reporter-output>
          </reporter-output>
        </test-method> <!-- beforeMethodMethod -->
        <test-method signature="testProductSearchAndDetails(java.lang.String)[pri:0, instance:in.amazon.tests.AmazonTests@93081b6]" started-at="2023-05-25T18:13:38 IST" name="testProductSearchAndDetails" data-provider="testProductSearchAndDetailsData" finished-at="2023-05-25T18:13:45 IST" duration-ms="7564" status="PASS">
          <params>
            <param index="0">
              <value>
                <![CDATA[iPhone 14 128 GB midnight]]>
              </value>
            </param>
          </params>
          <reporter-output>
          </reporter-output>
        </test-method> <!-- testProductSearchAndDetails -->
        <test-method is-config="true" signature="afterMethod()[pri:0, instance:in.amazon.tests.AmazonTests@93081b6]" started-at="2023-05-25T18:13:45 IST" name="afterMethod" finished-at="2023-05-25T18:13:46 IST" duration-ms="447" status="PASS">
          <reporter-output>
          </reporter-output>
        </test-method> <!-- afterMethod -->
      </class> <!-- in.amazon.tests.AmazonTests -->
    </test> <!-- Default test -->
  </suite> <!-- Default suite -->
</testng-results>
